[06-25-2026_12:37:16] Connecting to vCenter Server labvcsa.lab.io ...
[06-25-2026_12:37:17] 
========================================
[06-25-2026_12:37:17]   PARALLEL WLD ESXi DEPLOYMENT
[06-25-2026_12:37:17]   Total hosts: 3
[06-25-2026_12:37:17]   Max concurrent: 6
[06-25-2026_12:37:17] ========================================

[06-25-2026_12:37:17] [1/3] Starting deployment: esx05 (10.2.200.10)
[06-25-2026_12:37:17] [2/3] Starting deployment: esx06 (10.2.200.11)
[06-25-2026_12:37:17] [3/3] Starting deployment: esx07 (10.2.200.12)
[06-25-2026_12:37:17] 
Waiting for remaining deployments to complete...
[06-25-2026_12:37:17]   3 deployment(s) still in progress...
[06-25-2026_12:38:00]   ✓ [esx05] Completed in 0.64 min
[06-25-2026_12:38:01]   ✓ [esx06] Completed in 0.72 min
[06-25-2026_12:38:01]   ✓ [esx07] Completed in 0.72 min
[06-25-2026_12:38:01] 
========================================
[06-25-2026_12:38:01]   WLD ESXi DEPLOYMENT SUMMARY
[06-25-2026_12:38:01]   Total: 3 | Success: 3 | Failed: 0
[06-25-2026_12:38:01] ========================================

[06-25-2026_12:38:01] Disconnecting from vCenter Server labvcsa.lab.io ...
[06-25-2026_12:38:01] 
╔════════════════════════════════════════════════════════════════╗
[06-25-2026_12:38:01] ║         WLD NESTED ESXi DEPLOYMENT COMPLETE                   ║
[06-25-2026_12:38:01] ╠════════════════════════════════════════════════════════════════╣
[06-25-2026_12:38:01] ║  StartTime: 2026-06-25 12:37:17
[06-25-2026_12:38:01] ║  EndTime:   2026-06-25 12:38:01
[06-25-2026_12:38:01] ║  Duration:  0.73 minutes
[06-25-2026_12:38:01] ║  Success:   3/3 hosts
[06-25-2026_12:38:01] ║  Log File:  wld-esxi-deployment-73o4p6tx.log
[06-25-2026_12:38:01] ╚════════════════════════════════════════════════════════════════╝
